<?xml version="1.0" encoding="UTF-8"?>
<testsuite xmlns:xsi="http://www.w3.org/2001/XMLSchema-instance" xsi:noNamespaceSchemaLocation="https://maven.apache.org/surefire/maven-surefire-plugin/xsd/surefire-test-report.xsd" name="consumer.ConsumerApplicationTests" time="0.782" tests="1" errors="1" skipped="0" failures="0">
  <properties>
    <property name="sun.desktop" value="windows"/>
    <property name="awt.toolkit" value="sun.awt.windows.WToolkit"/>
    <property name="file.encoding.pkg" value="sun.io"/>
    <property name="java.specification.version" value="1.8"/>
    <property name="sun.cpu.isalist" value="amd64"/>
    <property name="sun.jnu.encoding" value="MS949"/>
    <property name="java.class.path" value="E:\Capstone\jenkins-consumer\target\test-classes;E:\Capstone\jenkins-consumer\target\classes;C:\Users\배성훈\.m2\repository\org\springframework\boot\spring-boot-starter\2.3.3.RELEASE\spring-boot-starter-2.3.3.RELEASE.jar;C:\Users\배성훈\.m2\repository\org\springframework\boot\spring-boot\2.3.3.RELEASE\spring-boot-2.3.3.RELEASE.jar;C:\Users\배성훈\.m2\repository\org\springframework\spring-context\5.2.8.RELEASE\spring-context-5.2.8.RELEASE.jar;C:\Users\배성훈\.m2\repository\org\springframework\spring-aop\5.2.8.RELEASE\spring-aop-5.2.8.RELEASE.jar;C:\Users\배성훈\.m2\repository\org\springframework\spring-beans\5.2.8.RELEASE\spring-beans-5.2.8.RELEASE.jar;C:\Users\배성훈\.m2\repository\org\springframework\spring-expression\5.2.8.RELEASE\spring-expression-5.2.8.RELEASE.jar;C:\Users\배성훈\.m2\repository\org\springframework\boot\spring-boot-autoconfigure\2.3.3.RELEASE\spring-boot-autoconfigure-2.3.3.RELEASE.jar;C:\Users\배성훈\.m2\repository\org\springframework\boot\spring-boot-starter-logging\2.3.3.RELEASE\spring-boot-starter-logging-2.3.3.RELEASE.jar;C:\Users\배성훈\.m2\repository\ch\qos\logback\logback-classic\1.2.3\logback-classic-1.2.3.jar;C:\Users\배성훈\.m2\repository\ch\qos\logback\logback-core\1.2.3\logback-core-1.2.3.jar;C:\Users\배성훈\.m2\repository\org\apache\logging\log4j\log4j-to-slf4j\2.13.3\log4j-to-slf4j-2.13.3.jar;C:\Users\배성훈\.m2\repository\org\apache\logging\log4j\log4j-api\2.13.3\log4j-api-2.13.3.jar;C:\Users\배성훈\.m2\repository\jakarta\annotation\jakarta.annotation-api\1.3.5\jakarta.annotation-api-1.3.5.jar;C:\Users\배성훈\.m2\repository\org\springframework\spring-core\5.2.8.RELEASE\spring-core-5.2.8.RELEASE.jar;C:\Users\배성훈\.m2\repository\org\springframework\spring-jcl\5.2.8.RELEASE\spring-jcl-5.2.8.RELEASE.jar;C:\Users\배성훈\.m2\repository\org\yaml\snakeyaml\1.26\snakeyaml-1.26.jar;C:\Users\배성훈\.m2\repository\org\springframework\boot\spring-boot-starter-test\2.3.3.RELEASE\spring-boot-starter-test-2.3.3.RELEASE.jar;C:\Users\배성훈\.m2\repository\org\springframework\boot\spring-boot-test\2.3.3.RELEASE\spring-boot-test-2.3.3.RELEASE.jar;C:\Users\배성훈\.m2\repository\org\springframework\boot\spring-boot-test-autoconfigure\2.3.3.RELEASE\spring-boot-test-autoconfigure-2.3.3.RELEASE.jar;C:\Users\배성훈\.m2\repository\com\jayway\jsonpath\json-path\2.4.0\json-path-2.4.0.jar;C:\Users\배성훈\.m2\repository\net\minidev\json-smart\2.3\json-smart-2.3.jar;C:\Users\배성훈\.m2\repository\net\minidev\accessors-smart\1.2\accessors-smart-1.2.jar;C:\Users\배성훈\.m2\repository\org\ow2\asm\asm\5.0.4\asm-5.0.4.jar;C:\Users\배성훈\.m2\repository\jakarta\xml\bind\jakarta.xml.bind-api\2.3.3\jakarta.xml.bind-api-2.3.3.jar;C:\Users\배성훈\.m2\repository\jakarta\activation\jakarta.activation-api\1.2.2\jakarta.activation-api-1.2.2.jar;C:\Users\배성훈\.m2\repository\org\assertj\assertj-core\3.16.1\assertj-core-3.16.1.jar;C:\Users\배성훈\.m2\repository\org\hamcrest\hamcrest\2.2\hamcrest-2.2.jar;C:\Users\배성훈\.m2\repository\org\junit\jupiter\junit-jupiter\5.6.2\junit-jupiter-5.6.2.jar;C:\Users\배성훈\.m2\repository\org\junit\jupiter\junit-jupiter-api\5.6.2\junit-jupiter-api-5.6.2.jar;C:\Users\배성훈\.m2\repository\org\apiguardian\apiguardian-api\1.1.0\apiguardian-api-1.1.0.jar;C:\Users\배성훈\.m2\repository\org\opentest4j\opentest4j\1.2.0\opentest4j-1.2.0.jar;C:\Users\배성훈\.m2\repository\org\junit\platform\junit-platform-commons\1.6.2\junit-platform-commons-1.6.2.jar;C:\Users\배성훈\.m2\repository\org\junit\jupiter\junit-jupiter-params\5.6.2\junit-jupiter-params-5.6.2.jar;C:\Users\배성훈\.m2\repository\org\junit\jupiter\junit-jupiter-engine\5.6.2\junit-jupiter-engine-5.6.2.jar;C:\Users\배성훈\.m2\repository\org\junit\platform\junit-platform-engine\1.6.2\junit-platform-engine-1.6.2.jar;C:\Users\배성훈\.m2\repository\org\mockito\mockito-core\3.3.3\mockito-core-3.3.3.jar;C:\Users\배성훈\.m2\repository\net\bytebuddy\byte-buddy\1.10.14\byte-buddy-1.10.14.jar;C:\Users\배성훈\.m2\repository\net\bytebuddy\byte-buddy-agent\1.10.14\byte-buddy-agent-1.10.14.jar;C:\Users\배성훈\.m2\repository\org\objenesis\objenesis\2.6\objenesis-2.6.jar;C:\Users\배성훈\.m2\repository\org\mockito\mockito-junit-jupiter\3.3.3\mockito-junit-jupiter-3.3.3.jar;C:\Users\배성훈\.m2\repository\org\skyscreamer\jsonassert\1.5.0\jsonassert-1.5.0.jar;C:\Users\배성훈\.m2\repository\com\vaadin\external\google\android-json\0.0.20131108.vaadin1\android-json-0.0.20131108.vaadin1.jar;C:\Users\배성훈\.m2\repository\org\springframework\spring-test\5.2.8.RELEASE\spring-test-5.2.8.RELEASE.jar;C:\Users\배성훈\.m2\repository\org\xmlunit\xmlunit-core\2.7.0\xmlunit-core-2.7.0.jar;C:\Users\배성훈\.m2\repository\org\apache\spark\spark-core_2.11\2.3.0\spark-core_2.11-2.3.0.jar;C:\Users\배성훈\.m2\repository\org\apache\avro\avro\1.7.7\avro-1.7.7.jar;C:\Users\배성훈\.m2\repository\com\thoughtworks\paranamer\paranamer\2.3\paranamer-2.3.jar;C:\Users\배성훈\.m2\repository\org\apache\commons\commons-compress\1.4.1\commons-compress-1.4.1.jar;C:\Users\배성훈\.m2\repository\org\tukaani\xz\1.0\xz-1.0.jar;C:\Users\배성훈\.m2\repository\org\apache\avro\avro-mapred\1.7.7\avro-mapred-1.7.7-hadoop2.jar;C:\Users\배성훈\.m2\repository\org\apache\avro\avro-ipc\1.7.7\avro-ipc-1.7.7.jar;C:\Users\배성훈\.m2\repository\org\apache\avro\avro-ipc\1.7.7\avro-ipc-1.7.7-tests.jar;C:\Users\배성훈\.m2\repository\com\twitter\chill_2.11\0.8.4\chill_2.11-0.8.4.jar;C:\Users\배성훈\.m2\repository\com\esotericsoftware\kryo-shaded\3.0.3\kryo-shaded-3.0.3.jar;C:\Users\배성훈\.m2\repository\com\esotericsoftware\minlog\1.3.0\minlog-1.3.0.jar;C:\Users\배성훈\.m2\repository\com\twitter\chill-java\0.8.4\chill-java-0.8.4.jar;C:\Users\배성훈\.m2\repository\org\apache\xbean\xbean-asm5-shaded\4.4\xbean-asm5-shaded-4.4.jar;C:\Users\배성훈\.m2\repository\org\apache\hadoop\hadoop-client\2.6.5\hadoop-client-2.6.5.jar;C:\Users\배성훈\.m2\repository\org\apache\hadoop\hadoop-hdfs\2.6.5\hadoop-hdfs-2.6.5.jar;C:\Users\배성훈\.m2\repository\org\mortbay\jetty\jetty-util\6.1.26\jetty-util-6.1.26.jar;C:\Users\배성훈\.m2\repository\commons-cli\commons-cli\1.2\commons-cli-1.2.jar;C:\Users\배성훈\.m2\repository\commons-io\commons-io\2.4\commons-io-2.4.jar;C:\Users\배성훈\.m2\repository\commons-lang\commons-lang\2.6\commons-lang-2.6.jar;C:\Users\배성훈\.m2\repository\com\google\protobuf\protobuf-java\2.5.0\protobuf-java-2.5.0.jar;C:\Users\배성훈\.m2\repository\xmlenc\xmlenc\0.52\xmlenc-0.52.jar;C:\Users\배성훈\.m2\repository\xerces\xercesImpl\2.9.1\xercesImpl-2.9.1.jar;C:\Users\배성훈\.m2\repository\xml-apis\xml-apis\1.3.04\xml-apis-1.3.04.jar;C:\Users\배성훈\.m2\repository\org\htrace\htrace-core\3.0.4\htrace-core-3.0.4.jar;C:\Users\배성훈\.m2\repository\org\apache\hadoop\hadoop-mapreduce-client-app\2.6.5\hadoop-mapreduce-client-app-2.6.5.jar;C:\Users\배성훈\.m2\repository\org\apache\hadoop\hadoop-mapreduce-client-common\2.6.5\hadoop-mapreduce-client-common-2.6.5.jar;C:\Users\배성훈\.m2\repository\org\apache\hadoop\hadoop-yarn-common\2.6.5\hadoop-yarn-common-2.6.5.jar;C:\Users\배성훈\.m2\repository\org\codehaus\jackson\jackson-jaxrs\1.9.13\jackson-jaxrs-1.9.13.jar;C:\Users\배성훈\.m2\repository\org\codehaus\jackson\jackson-xc\1.9.13\jackson-xc-1.9.13.jar;C:\Users\배성훈\.m2\repository\com\google\inject\guice\3.0\guice-3.0.jar;C:\Users\배성훈\.m2\repository\javax\inject\javax.inject\1\javax.inject-1.jar;C:\Users\배성훈\.m2\repository\aopalliance\aopalliance\1.0\aopalliance-1.0.jar;C:\Users\배성훈\.m2\repository\org\apache\hadoop\hadoop-yarn-client\2.6.5\hadoop-yarn-client-2.6.5.jar;C:\Users\배성훈\.m2\repository\org\apache\hadoop\hadoop-yarn-server-common\2.6.5\hadoop-yarn-server-common-2.6.5.jar;C:\Users\배성훈\.m2\repository\org\apache\hadoop\hadoop-mapreduce-client-shuffle\2.6.5\hadoop-mapreduce-client-shuffle-2.6.5.jar;C:\Users\배성훈\.m2\repository\org\apache\hadoop\hadoop-yarn-api\2.6.5\hadoop-yarn-api-2.6.5.jar;C:\Users\배성훈\.m2\repository\org\apache\hadoop\hadoop-mapreduce-client-jobclient\2.6.5\hadoop-mapreduce-client-jobclient-2.6.5.jar;C:\Users\배성훈\.m2\repository\org\apache\hadoop\hadoop-annotations\2.6.5\hadoop-annotations-2.6.5.jar;C:\Users\배성훈\.m2\repository\org\apache\spark\spark-launcher_2.11\2.3.0\spark-launcher_2.11-2.3.0.jar;C:\Users\배성훈\.m2\repository\org\apache\spark\spark-kvstore_2.11\2.3.0\spark-kvstore_2.11-2.3.0.jar;C:\Users\배성훈\.m2\repository\org\fusesource\leveldbjni\leveldbjni-all\1.8\leveldbjni-all-1.8.jar;C:\Users\배성훈\.m2\repository\com\fasterxml\jackson\core\jackson-core\2.11.2\jackson-core-2.11.2.jar;C:\Users\배성훈\.m2\repository\com\fasterxml\jackson\core\jackson-annotations\2.11.2\jackson-annotations-2.11.2.jar;C:\Users\배성훈\.m2\repository\org\apache\spark\spark-network-common_2.11\2.3.0\spark-network-common_2.11-2.3.0.jar;C:\Users\배성훈\.m2\repository\org\apache\spark\spark-network-shuffle_2.11\2.3.0\spark-network-shuffle_2.11-2.3.0.jar;C:\Users\배성훈\.m2\repository\org\apache\spark\spark-unsafe_2.11\2.3.0\spark-unsafe_2.11-2.3.0.jar;C:\Users\배성훈\.m2\repository\net\java\dev\jets3t\jets3t\0.9.4\jets3t-0.9.4.jar;C:\Users\배성훈\.m2\repository\org\apache\httpcomponents\httpcore\4.4.13\httpcore-4.4.13.jar;C:\Users\배성훈\.m2\repository\org\apache\httpcomponents\httpclient\4.5.12\httpclient-4.5.12.jar;C:\Users\배성훈\.m2\repository\javax\activation\activation\1.1.1\activation-1.1.1.jar;C:\Users\배성훈\.m2\repository\org\bouncycastle\bcprov-jdk15on\1.52\bcprov-jdk15on-1.52.jar;C:\Users\배성훈\.m2\repository\com\jamesmurty\utils\java-xmlbuilder\1.1\java-xmlbuilder-1.1.jar;C:\Users\배성훈\.m2\repository\net\iharder\base64\2.3.8\base64-2.3.8.jar;C:\Users\배성훈\.m2\repository\org\apache\curator\curator-recipes\2.6.0\curator-recipes-2.6.0.jar;C:\Users\배성훈\.m2\repository\org\apache\curator\curator-framework\2.6.0\curator-framework-2.6.0.jar;C:\Users\배성훈\.m2\repository\org\apache\curator\curator-client\2.6.0\curator-client-2.6.0.jar;C:\Users\배성훈\.m2\repository\org\apache\zookeeper\zookeeper\3.4.6\zookeeper-3.4.6.jar;C:\Users\배성훈\.m2\repository\com\google\guava\guava\16.0.1\guava-16.0.1.jar;C:\Users\배성훈\.m2\repository\javax\servlet\javax.servlet-api\4.0.1\javax.servlet-api-4.0.1.jar;C:\Users\배성훈\.m2\repository\org\apache\commons\commons-lang3\3.10\commons-lang3-3.10.jar;C:\Users\배성훈\.m2\repository\org\apache\commons\commons-math3\3.4.1\commons-math3-3.4.1.jar;C:\Users\배성훈\.m2\repository\com\google\code\findbugs\jsr305\1.3.9\jsr305-1.3.9.jar;C:\Users\배성훈\.m2\repository\org\slf4j\slf4j-api\1.7.30\slf4j-api-1.7.30.jar;C:\Users\배성훈\.m2\repository\org\slf4j\jul-to-slf4j\1.7.30\jul-to-slf4j-1.7.30.jar;C:\Users\배성훈\.m2\repository\org\slf4j\jcl-over-slf4j\1.7.30\jcl-over-slf4j-1.7.30.jar;C:\Users\배성훈\.m2\repository\log4j\log4j\1.2.17\log4j-1.2.17.jar;C:\Users\배성훈\.m2\repository\org\slf4j\slf4j-log4j12\1.7.30\slf4j-log4j12-1.7.30.jar;C:\Users\배성훈\.m2\repository\com\ning\compress-lzf\1.0.3\compress-lzf-1.0.3.jar;C:\Users\배성훈\.m2\repository\org\xerial\snappy\snappy-java\1.1.2.6\snappy-java-1.1.2.6.jar;C:\Users\배성훈\.m2\repository\org\lz4\lz4-java\1.4.0\lz4-java-1.4.0.jar;C:\Users\배성훈\.m2\repository\com\github\luben\zstd-jni\1.3.2-2\zstd-jni-1.3.2-2.jar;C:\Users\배성훈\.m2\repository\org\roaringbitmap\RoaringBitmap\0.5.11\RoaringBitmap-0.5.11.jar;C:\Users\배성훈\.m2\repository\commons-net\commons-net\2.2\commons-net-2.2.jar;C:\Users\배성훈\.m2\repository\org\scala-lang\scala-library\2.11.8\scala-library-2.11.8.jar;C:\Users\배성훈\.m2\repository\org\json4s\json4s-jackson_2.11\3.2.11\json4s-jackson_2.11-3.2.11.jar;C:\Users\배성훈\.m2\repository\org\json4s\json4s-core_2.11\3.2.11\json4s-core_2.11-3.2.11.jar;C:\Users\배성훈\.m2\repository\org\json4s\json4s-ast_2.11\3.2.11\json4s-ast_2.11-3.2.11.jar;C:\Users\배성훈\.m2\repository\org\scala-lang\scalap\2.11.0\scalap-2.11.0.jar;C:\Users\배성훈\.m2\repository\org\scala-lang\scala-compiler\2.11.0\scala-compiler-2.11.0.jar;C:\Users\배성훈\.m2\repository\org\scala-lang\modules\scala-xml_2.11\1.0.1\scala-xml_2.11-1.0.1.jar;C:\Users\배성훈\.m2\repository\org\scala-lang\modules\scala-parser-combinators_2.11\1.0.1\scala-parser-combinators_2.11-1.0.1.jar;C:\Users\배성훈\.m2\repository\org\glassfish\jersey\core\jersey-client\2.30.1\jersey-client-2.30.1.jar;C:\Users\배성훈\.m2\repository\jakarta\ws\rs\jakarta.ws.rs-api\2.1.6\jakarta.ws.rs-api-2.1.6.jar;C:\Users\배성훈\.m2\repository\org\glassfish\hk2\external\jakarta.inject\2.6.1\jakarta.inject-2.6.1.jar;C:\Users\배성훈\.m2\repository\org\glassfish\jersey\core\jersey-common\2.30.1\jersey-common-2.30.1.jar;C:\Users\배성훈\.m2\repository\org\glassfish\hk2\osgi-resource-locator\1.0.3\osgi-resource-locator-1.0.3.jar;C:\Users\배성훈\.m2\repository\org\glassfish\jersey\core\jersey-server\2.30.1\jersey-server-2.30.1.jar;C:\Users\배성훈\.m2\repository\org\glassfish\jersey\media\jersey-media-jaxb\2.30.1\jersey-media-jaxb-2.30.1.jar;C:\Users\배성훈\.m2\repository\jakarta\validation\jakarta.validation-api\2.0.2\jakarta.validation-api-2.0.2.jar;C:\Users\배성훈\.m2\repository\org\glassfish\jersey\containers\jersey-container-servlet\2.30.1\jersey-container-servlet-2.30.1.jar;C:\Users\배성훈\.m2\repository\org\glassfish\jersey\containers\jersey-container-servlet-core\2.30.1\jersey-container-servlet-core-2.30.1.jar;C:\Users\배성훈\.m2\repository\io\netty\netty-all\4.1.51.Final\netty-all-4.1.51.Final.jar;C:\Users\배성훈\.m2\repository\io\netty\netty\3.9.9.Final\netty-3.9.9.Final.jar;C:\Users\배성훈\.m2\repository\com\clearspring\analytics\stream\2.7.0\stream-2.7.0.jar;C:\Users\배성훈\.m2\repository\io\dropwizard\metrics\metrics-core\4.1.12.1\metrics-core-4.1.12.1.jar;C:\Users\배성훈\.m2\repository\io\dropwizard\metrics\metrics-jvm\4.1.12.1\metrics-jvm-4.1.12.1.jar;C:\Users\배성훈\.m2\repository\io\dropwizard\metrics\metrics-json\4.1.12.1\metrics-json-4.1.12.1.jar;C:\Users\배성훈\.m2\repository\io\dropwizard\metrics\metrics-graphite\4.1.12.1\metrics-graphite-4.1.12.1.jar;C:\Users\배성훈\.m2\repository\com\rabbitmq\amqp-client\5.9.0\amqp-client-5.9.0.jar;C:\Users\배성훈\.m2\repository\com\fasterxml\jackson\core\jackson-databind\2.11.2\jackson-databind-2.11.2.jar;C:\Users\배성훈\.m2\repository\com\fasterxml\jackson\module\jackson-module-scala_2.11\2.11.2\jackson-module-scala_2.11-2.11.2.jar;C:\Users\배성훈\.m2\repository\com\fasterxml\jackson\module\jackson-module-paranamer\2.11.2\jackson-module-paranamer-2.11.2.jar;C:\Users\배성훈\.m2\repository\org\apache\ivy\ivy\2.4.0\ivy-2.4.0.jar;C:\Users\배성훈\.m2\repository\oro\oro\2.0.8\oro-2.0.8.jar;C:\Users\배성훈\.m2\repository\net\razorvine\pyrolite\4.13\pyrolite-4.13.jar;C:\Users\배성훈\.m2\repository\net\sf\py4j\py4j\0.10.6\py4j-0.10.6.jar;C:\Users\배성훈\.m2\repository\org\apache\spark\spark-tags_2.11\2.3.0\spark-tags_2.11-2.3.0.jar;C:\Users\배성훈\.m2\repository\org\apache\commons\commons-crypto\1.0.0\commons-crypto-1.0.0.jar;C:\Users\배성훈\.m2\repository\org\spark-project\spark\unused\1.0.0\unused-1.0.0.jar;C:\Users\배성훈\.m2\repository\org\apache\spark\spark-streaming_2.11\2.3.0\spark-streaming_2.11-2.3.0.jar;C:\Users\배성훈\.m2\repository\org\apache\spark\spark-streaming-kafka-0-10_2.11\2.3.0\spark-streaming-kafka-0-10_2.11-2.3.0.jar;C:\Users\배성훈\.m2\repository\org\apache\kafka\kafka-clients\2.5.1\kafka-clients-2.5.1.jar;C:\Users\배성훈\.m2\repository\org\elasticsearch\elasticsearch-hadoop\7.9.2\elasticsearch-hadoop-7.9.2.jar;C:\Users\배성훈\.m2\repository\commons-logging\commons-logging\1.1.1\commons-logging-1.1.1.jar;C:\Users\배성훈\.m2\repository\commons-httpclient\commons-httpclient\3.0.1\commons-httpclient-3.0.1.jar;C:\Users\배성훈\.m2\repository\commons-codec\commons-codec\1.14\commons-codec-1.14.jar;C:\Users\배성훈\.m2\repository\javax\xml\bind\jaxb-api\2.3.1\jaxb-api-2.3.1.jar;C:\Users\배성훈\.m2\repository\org\apache\hive\hive-service\1.2.1\hive-service-1.2.1.jar;C:\Users\배성훈\.m2\repository\org\apache\hive\hive-exec\1.2.1\hive-exec-1.2.1.jar;C:\Users\배성훈\.m2\repository\org\apache\hive\hive-metastore\1.2.1\hive-metastore-1.2.1.jar;C:\Users\배성훈\.m2\repository\org\apache\pig\pig\0.15.0\pig-0.15.0-h2.jar;C:\Users\배성훈\.m2\repository\org\apache\spark\spark-yarn_2.11\2.3.0\spark-yarn_2.11-2.3.0.jar;C:\Users\배성훈\.m2\repository\org\apache\spark\spark-sql_2.11\2.3.0\spark-sql_2.11-2.3.0.jar;C:\Users\배성훈\.m2\repository\org\scala-lang\scala-reflect\2.11.12\scala-reflect-2.11.12.jar;C:\Users\배성훈\.m2\repository\org\apache\storm\storm-core\1.0.6\storm-core-1.0.6.jar;C:\Users\배성훈\.m2\repository\org\apache\hadoop\hadoop-common\2.7.6\hadoop-common-2.7.6.jar;C:\Users\배성훈\.m2\repository\org\apache\hadoop\hadoop-mapreduce-client-core\2.7.6\hadoop-mapreduce-client-core-2.7.6.jar;C:\Users\배성훈\.m2\repository\org\codehaus\jackson\jackson-mapper-asl\1.8.8\jackson-mapper-asl-1.8.8.jar;C:\Users\배성훈\.m2\repository\org\codehaus\jackson\jackson-core-asl\1.8.8\jackson-core-asl-1.8.8.jar;C:\Users\배성훈\.m2\repository\joda-time\joda-time\2.8\joda-time-2.8.jar;C:\Users\배성훈\.m2\repository\commons-collections\commons-collections\3.2.2\commons-collections-3.2.2.jar;"/>
    <property name="java.vm.vendor" value="Oracle Corporation"/>
    <property name="sun.arch.data.model" value="64"/>
    <property name="user.variant" value=""/>
    <property name="java.vendor.url" value="http://java.oracle.com/"/>
    <property name="user.timezone" value="Asia/Seoul"/>
    <property name="java.vm.specification.version" value="1.8"/>
    <property name="os.name" value="Windows 10"/>
    <property name="user.country" value="KR"/>
    <property name="sun.java.launcher" value="SUN_STANDARD"/>
    <property name="sun.boot.library.path" value="C:\Program Files\Java\jdk1.8.0_211\jre\bin"/>
    <property name="sun.java.command" value="C:\Users\배성훈\AppData\Local\Temp\surefire8000099158037606857\surefirebooter4754307648116194086.jar C:\Users\배성훈\AppData\Local\Temp\surefire8000099158037606857 2020-10-07T16-34-59_515-jvmRun1 surefire9189865846920857066tmp surefire_04286698952412293960tmp"/>
    <property name="surefire.test.class.path" value="E:\Capstone\jenkins-consumer\target\test-classes;E:\Capstone\jenkins-consumer\target\classes;C:\Users\배성훈\.m2\repository\org\springframework\boot\spring-boot-starter\2.3.3.RELEASE\spring-boot-starter-2.3.3.RELEASE.jar;C:\Users\배성훈\.m2\repository\org\springframework\boot\spring-boot\2.3.3.RELEASE\spring-boot-2.3.3.RELEASE.jar;C:\Users\배성훈\.m2\repository\org\springframework\spring-context\5.2.8.RELEASE\spring-context-5.2.8.RELEASE.jar;C:\Users\배성훈\.m2\repository\org\springframework\spring-aop\5.2.8.RELEASE\spring-aop-5.2.8.RELEASE.jar;C:\Users\배성훈\.m2\repository\org\springframework\spring-beans\5.2.8.RELEASE\spring-beans-5.2.8.RELEASE.jar;C:\Users\배성훈\.m2\repository\org\springframework\spring-expression\5.2.8.RELEASE\spring-expression-5.2.8.RELEASE.jar;C:\Users\배성훈\.m2\repository\org\springframework\boot\spring-boot-autoconfigure\2.3.3.RELEASE\spring-boot-autoconfigure-2.3.3.RELEASE.jar;C:\Users\배성훈\.m2\repository\org\springframework\boot\spring-boot-starter-logging\2.3.3.RELEASE\spring-boot-starter-logging-2.3.3.RELEASE.jar;C:\Users\배성훈\.m2\repository\ch\qos\logback\logback-classic\1.2.3\logback-classic-1.2.3.jar;C:\Users\배성훈\.m2\repository\ch\qos\logback\logback-core\1.2.3\logback-core-1.2.3.jar;C:\Users\배성훈\.m2\repository\org\apache\logging\log4j\log4j-to-slf4j\2.13.3\log4j-to-slf4j-2.13.3.jar;C:\Users\배성훈\.m2\repository\org\apache\logging\log4j\log4j-api\2.13.3\log4j-api-2.13.3.jar;C:\Users\배성훈\.m2\repository\jakarta\annotation\jakarta.annotation-api\1.3.5\jakarta.annotation-api-1.3.5.jar;C:\Users\배성훈\.m2\repository\org\springframework\spring-core\5.2.8.RELEASE\spring-core-5.2.8.RELEASE.jar;C:\Users\배성훈\.m2\repository\org\springframework\spring-jcl\5.2.8.RELEASE\spring-jcl-5.2.8.RELEASE.jar;C:\Users\배성훈\.m2\repository\org\yaml\snakeyaml\1.26\snakeyaml-1.26.jar;C:\Users\배성훈\.m2\repository\org\springframework\boot\spring-boot-starter-test\2.3.3.RELEASE\spring-boot-starter-test-2.3.3.RELEASE.jar;C:\Users\배성훈\.m2\repository\org\springframework\boot\spring-boot-test\2.3.3.RELEASE\spring-boot-test-2.3.3.RELEASE.jar;C:\Users\배성훈\.m2\repository\org\springframework\boot\spring-boot-test-autoconfigure\2.3.3.RELEASE\spring-boot-test-autoconfigure-2.3.3.RELEASE.jar;C:\Users\배성훈\.m2\repository\com\jayway\jsonpath\json-path\2.4.0\json-path-2.4.0.jar;C:\Users\배성훈\.m2\repository\net\minidev\json-smart\2.3\json-smart-2.3.jar;C:\Users\배성훈\.m2\repository\net\minidev\accessors-smart\1.2\accessors-smart-1.2.jar;C:\Users\배성훈\.m2\repository\org\ow2\asm\asm\5.0.4\asm-5.0.4.jar;C:\Users\배성훈\.m2\repository\jakarta\xml\bind\jakarta.xml.bind-api\2.3.3\jakarta.xml.bind-api-2.3.3.jar;C:\Users\배성훈\.m2\repository\jakarta\activation\jakarta.activation-api\1.2.2\jakarta.activation-api-1.2.2.jar;C:\Users\배성훈\.m2\repository\org\assertj\assertj-core\3.16.1\assertj-core-3.16.1.jar;C:\Users\배성훈\.m2\repository\org\hamcrest\hamcrest\2.2\hamcrest-2.2.jar;C:\Users\배성훈\.m2\repository\org\junit\jupiter\junit-jupiter\5.6.2\junit-jupiter-5.6.2.jar;C:\Users\배성훈\.m2\repository\org\junit\jupiter\junit-jupiter-api\5.6.2\junit-jupiter-api-5.6.2.jar;C:\Users\배성훈\.m2\repository\org\apiguardian\apiguardian-api\1.1.0\apiguardian-api-1.1.0.jar;C:\Users\배성훈\.m2\repository\org\opentest4j\opentest4j\1.2.0\opentest4j-1.2.0.jar;C:\Users\배성훈\.m2\repository\org\junit\platform\junit-platform-commons\1.6.2\junit-platform-commons-1.6.2.jar;C:\Users\배성훈\.m2\repository\org\junit\jupiter\junit-jupiter-params\5.6.2\junit-jupiter-params-5.6.2.jar;C:\Users\배성훈\.m2\repository\org\junit\jupiter\junit-jupiter-engine\5.6.2\junit-jupiter-engine-5.6.2.jar;C:\Users\배성훈\.m2\repository\org\junit\platform\junit-platform-engine\1.6.2\junit-platform-engine-1.6.2.jar;C:\Users\배성훈\.m2\repository\org\mockito\mockito-core\3.3.3\mockito-core-3.3.3.jar;C:\Users\배성훈\.m2\repository\net\bytebuddy\byte-buddy\1.10.14\byte-buddy-1.10.14.jar;C:\Users\배성훈\.m2\repository\net\bytebuddy\byte-buddy-agent\1.10.14\byte-buddy-agent-1.10.14.jar;C:\Users\배성훈\.m2\repository\org\objenesis\objenesis\2.6\objenesis-2.6.jar;C:\Users\배성훈\.m2\repository\org\mockito\mockito-junit-jupiter\3.3.3\mockito-junit-jupiter-3.3.3.jar;C:\Users\배성훈\.m2\repository\org\skyscreamer\jsonassert\1.5.0\jsonassert-1.5.0.jar;C:\Users\배성훈\.m2\repository\com\vaadin\external\google\android-json\0.0.20131108.vaadin1\android-json-0.0.20131108.vaadin1.jar;C:\Users\배성훈\.m2\repository\org\springframework\spring-test\5.2.8.RELEASE\spring-test-5.2.8.RELEASE.jar;C:\Users\배성훈\.m2\repository\org\xmlunit\xmlunit-core\2.7.0\xmlunit-core-2.7.0.jar;C:\Users\배성훈\.m2\repository\org\apache\spark\spark-core_2.11\2.3.0\spark-core_2.11-2.3.0.jar;C:\Users\배성훈\.m2\repository\org\apache\avro\avro\1.7.7\avro-1.7.7.jar;C:\Users\배성훈\.m2\repository\com\thoughtworks\paranamer\paranamer\2.3\paranamer-2.3.jar;C:\Users\배성훈\.m2\repository\org\apache\commons\commons-compress\1.4.1\commons-compress-1.4.1.jar;C:\Users\배성훈\.m2\repository\org\tukaani\xz\1.0\xz-1.0.jar;C:\Users\배성훈\.m2\repository\org\apache\avro\avro-mapred\1.7.7\avro-mapred-1.7.7-hadoop2.jar;C:\Users\배성훈\.m2\repository\org\apache\avro\avro-ipc\1.7.7\avro-ipc-1.7.7.jar;C:\Users\배성훈\.m2\repository\org\apache\avro\avro-ipc\1.7.7\avro-ipc-1.7.7-tests.jar;C:\Users\배성훈\.m2\repository\com\twitter\chill_2.11\0.8.4\chill_2.11-0.8.4.jar;C:\Users\배성훈\.m2\repository\com\esotericsoftware\kryo-shaded\3.0.3\kryo-shaded-3.0.3.jar;C:\Users\배성훈\.m2\repository\com\esotericsoftware\minlog\1.3.0\minlog-1.3.0.jar;C:\Users\배성훈\.m2\repository\com\twitter\chill-java\0.8.4\chill-java-0.8.4.jar;C:\Users\배성훈\.m2\repository\org\apache\xbean\xbean-asm5-shaded\4.4\xbean-asm5-shaded-4.4.jar;C:\Users\배성훈\.m2\repository\org\apache\hadoop\hadoop-client\2.6.5\hadoop-client-2.6.5.jar;C:\Users\배성훈\.m2\repository\org\apache\hadoop\hadoop-hdfs\2.6.5\hadoop-hdfs-2.6.5.jar;C:\Users\배성훈\.m2\repository\org\mortbay\jetty\jetty-util\6.1.26\jetty-util-6.1.26.jar;C:\Users\배성훈\.m2\repository\commons-cli\commons-cli\1.2\commons-cli-1.2.jar;C:\Users\배성훈\.m2\repository\commons-io\commons-io\2.4\commons-io-2.4.jar;C:\Users\배성훈\.m2\repository\commons-lang\commons-lang\2.6\commons-lang-2.6.jar;C:\Users\배성훈\.m2\repository\com\google\protobuf\protobuf-java\2.5.0\protobuf-java-2.5.0.jar;C:\Users\배성훈\.m2\repository\xmlenc\xmlenc\0.52\xmlenc-0.52.jar;C:\Users\배성훈\.m2\repository\xerces\xercesImpl\2.9.1\xercesImpl-2.9.1.jar;C:\Users\배성훈\.m2\repository\xml-apis\xml-apis\1.3.04\xml-apis-1.3.04.jar;C:\Users\배성훈\.m2\repository\org\htrace\htrace-core\3.0.4\htrace-core-3.0.4.jar;C:\Users\배성훈\.m2\repository\org\apache\hadoop\hadoop-mapreduce-client-app\2.6.5\hadoop-mapreduce-client-app-2.6.5.jar;C:\Users\배성훈\.m2\repository\org\apache\hadoop\hadoop-mapreduce-client-common\2.6.5\hadoop-mapreduce-client-common-2.6.5.jar;C:\Users\배성훈\.m2\repository\org\apache\hadoop\hadoop-yarn-common\2.6.5\hadoop-yarn-common-2.6.5.jar;C:\Users\배성훈\.m2\repository\org\codehaus\jackson\jackson-jaxrs\1.9.13\jackson-jaxrs-1.9.13.jar;C:\Users\배성훈\.m2\repository\org\codehaus\jackson\jackson-xc\1.9.13\jackson-xc-1.9.13.jar;C:\Users\배성훈\.m2\repository\com\google\inject\guice\3.0\guice-3.0.jar;C:\Users\배성훈\.m2\repository\javax\inject\javax.inject\1\javax.inject-1.jar;C:\Users\배성훈\.m2\repository\aopalliance\aopalliance\1.0\aopalliance-1.0.jar;C:\Users\배성훈\.m2\repository\org\apache\hadoop\hadoop-yarn-client\2.6.5\hadoop-yarn-client-2.6.5.jar;C:\Users\배성훈\.m2\repository\org\apache\hadoop\hadoop-yarn-server-common\2.6.5\hadoop-yarn-server-common-2.6.5.jar;C:\Users\배성훈\.m2\repository\org\apache\hadoop\hadoop-mapreduce-client-shuffle\2.6.5\hadoop-mapreduce-client-shuffle-2.6.5.jar;C:\Users\배성훈\.m2\repository\org\apache\hadoop\hadoop-yarn-api\2.6.5\hadoop-yarn-api-2.6.5.jar;C:\Users\배성훈\.m2\repository\org\apache\hadoop\hadoop-mapreduce-client-jobclient\2.6.5\hadoop-mapreduce-client-jobclient-2.6.5.jar;C:\Users\배성훈\.m2\repository\org\apache\hadoop\hadoop-annotations\2.6.5\hadoop-annotations-2.6.5.jar;C:\Users\배성훈\.m2\repository\org\apache\spark\spark-launcher_2.11\2.3.0\spark-launcher_2.11-2.3.0.jar;C:\Users\배성훈\.m2\repository\org\apache\spark\spark-kvstore_2.11\2.3.0\spark-kvstore_2.11-2.3.0.jar;C:\Users\배성훈\.m2\repository\org\fusesource\leveldbjni\leveldbjni-all\1.8\leveldbjni-all-1.8.jar;C:\Users\배성훈\.m2\repository\com\fasterxml\jackson\core\jackson-core\2.11.2\jackson-core-2.11.2.jar;C:\Users\배성훈\.m2\repository\com\fasterxml\jackson\core\jackson-annotations\2.11.2\jackson-annotations-2.11.2.jar;C:\Users\배성훈\.m2\repository\org\apache\spark\spark-network-common_2.11\2.3.0\spark-network-common_2.11-2.3.0.jar;C:\Users\배성훈\.m2\repository\org\apache\spark\spark-network-shuffle_2.11\2.3.0\spark-network-shuffle_2.11-2.3.0.jar;C:\Users\배성훈\.m2\repository\org\apache\spark\spark-unsafe_2.11\2.3.0\spark-unsafe_2.11-2.3.0.jar;C:\Users\배성훈\.m2\repository\net\java\dev\jets3t\jets3t\0.9.4\jets3t-0.9.4.jar;C:\Users\배성훈\.m2\repository\org\apache\httpcomponents\httpcore\4.4.13\httpcore-4.4.13.jar;C:\Users\배성훈\.m2\repository\org\apache\httpcomponents\httpclient\4.5.12\httpclient-4.5.12.jar;C:\Users\배성훈\.m2\repository\javax\activation\activation\1.1.1\activation-1.1.1.jar;C:\Users\배성훈\.m2\repository\org\bouncycastle\bcprov-jdk15on\1.52\bcprov-jdk15on-1.52.jar;C:\Users\배성훈\.m2\repository\com\jamesmurty\utils\java-xmlbuilder\1.1\java-xmlbuilder-1.1.jar;C:\Users\배성훈\.m2\repository\net\iharder\base64\2.3.8\base64-2.3.8.jar;C:\Users\배성훈\.m2\repository\org\apache\curator\curator-recipes\2.6.0\curator-recipes-2.6.0.jar;C:\Users\배성훈\.m2\repository\org\apache\curator\curator-framework\2.6.0\curator-framework-2.6.0.jar;C:\Users\배성훈\.m2\repository\org\apache\curator\curator-client\2.6.0\curator-client-2.6.0.jar;C:\Users\배성훈\.m2\repository\org\apache\zookeeper\zookeeper\3.4.6\zookeeper-3.4.6.jar;C:\Users\배성훈\.m2\repository\com\google\guava\guava\16.0.1\guava-16.0.1.jar;C:\Users\배성훈\.m2\repository\javax\servlet\javax.servlet-api\4.0.1\javax.servlet-api-4.0.1.jar;C:\Users\배성훈\.m2\repository\org\apache\commons\commons-lang3\3.10\commons-lang3-3.10.jar;C:\Users\배성훈\.m2\repository\org\apache\commons\commons-math3\3.4.1\commons-math3-3.4.1.jar;C:\Users\배성훈\.m2\repository\com\google\code\findbugs\jsr305\1.3.9\jsr305-1.3.9.jar;C:\Users\배성훈\.m2\repository\org\slf4j\slf4j-api\1.7.30\slf4j-api-1.7.30.jar;C:\Users\배성훈\.m2\repository\org\slf4j\jul-to-slf4j\1.7.30\jul-to-slf4j-1.7.30.jar;C:\Users\배성훈\.m2\repository\org\slf4j\jcl-over-slf4j\1.7.30\jcl-over-slf4j-1.7.30.jar;C:\Users\배성훈\.m2\repository\log4j\log4j\1.2.17\log4j-1.2.17.jar;C:\Users\배성훈\.m2\repository\org\slf4j\slf4j-log4j12\1.7.30\slf4j-log4j12-1.7.30.jar;C:\Users\배성훈\.m2\repository\com\ning\compress-lzf\1.0.3\compress-lzf-1.0.3.jar;C:\Users\배성훈\.m2\repository\org\xerial\snappy\snappy-java\1.1.2.6\snappy-java-1.1.2.6.jar;C:\Users\배성훈\.m2\repository\org\lz4\lz4-java\1.4.0\lz4-java-1.4.0.jar;C:\Users\배성훈\.m2\repository\com\github\luben\zstd-jni\1.3.2-2\zstd-jni-1.3.2-2.jar;C:\Users\배성훈\.m2\repository\org\roaringbitmap\RoaringBitmap\0.5.11\RoaringBitmap-0.5.11.jar;C:\Users\배성훈\.m2\repository\commons-net\commons-net\2.2\commons-net-2.2.jar;C:\Users\배성훈\.m2\repository\org\scala-lang\scala-library\2.11.8\scala-library-2.11.8.jar;C:\Users\배성훈\.m2\repository\org\json4s\json4s-jackson_2.11\3.2.11\json4s-jackson_2.11-3.2.11.jar;C:\Users\배성훈\.m2\repository\org\json4s\json4s-core_2.11\3.2.11\json4s-core_2.11-3.2.11.jar;C:\Users\배성훈\.m2\repository\org\json4s\json4s-ast_2.11\3.2.11\json4s-ast_2.11-3.2.11.jar;C:\Users\배성훈\.m2\repository\org\scala-lang\scalap\2.11.0\scalap-2.11.0.jar;C:\Users\배성훈\.m2\repository\org\scala-lang\scala-compiler\2.11.0\scala-compiler-2.11.0.jar;C:\Users\배성훈\.m2\repository\org\scala-lang\modules\scala-xml_2.11\1.0.1\scala-xml_2.11-1.0.1.jar;C:\Users\배성훈\.m2\repository\org\scala-lang\modules\scala-parser-combinators_2.11\1.0.1\scala-parser-combinators_2.11-1.0.1.jar;C:\Users\배성훈\.m2\repository\org\glassfish\jersey\core\jersey-client\2.30.1\jersey-client-2.30.1.jar;C:\Users\배성훈\.m2\repository\jakarta\ws\rs\jakarta.ws.rs-api\2.1.6\jakarta.ws.rs-api-2.1.6.jar;C:\Users\배성훈\.m2\repository\org\glassfish\hk2\external\jakarta.inject\2.6.1\jakarta.inject-2.6.1.jar;C:\Users\배성훈\.m2\repository\org\glassfish\jersey\core\jersey-common\2.30.1\jersey-common-2.30.1.jar;C:\Users\배성훈\.m2\repository\org\glassfish\hk2\osgi-resource-locator\1.0.3\osgi-resource-locator-1.0.3.jar;C:\Users\배성훈\.m2\repository\org\glassfish\jersey\core\jersey-server\2.30.1\jersey-server-2.30.1.jar;C:\Users\배성훈\.m2\repository\org\glassfish\jersey\media\jersey-media-jaxb\2.30.1\jersey-media-jaxb-2.30.1.jar;C:\Users\배성훈\.m2\repository\jakarta\validation\jakarta.validation-api\2.0.2\jakarta.validation-api-2.0.2.jar;C:\Users\배성훈\.m2\repository\org\glassfish\jersey\containers\jersey-container-servlet\2.30.1\jersey-container-servlet-2.30.1.jar;C:\Users\배성훈\.m2\repository\org\glassfish\jersey\containers\jersey-container-servlet-core\2.30.1\jersey-container-servlet-core-2.30.1.jar;C:\Users\배성훈\.m2\repository\io\netty\netty-all\4.1.51.Final\netty-all-4.1.51.Final.jar;C:\Users\배성훈\.m2\repository\io\netty\netty\3.9.9.Final\netty-3.9.9.Final.jar;C:\Users\배성훈\.m2\repository\com\clearspring\analytics\stream\2.7.0\stream-2.7.0.jar;C:\Users\배성훈\.m2\repository\io\dropwizard\metrics\metrics-core\4.1.12.1\metrics-core-4.1.12.1.jar;C:\Users\배성훈\.m2\repository\io\dropwizard\metrics\metrics-jvm\4.1.12.1\metrics-jvm-4.1.12.1.jar;C:\Users\배성훈\.m2\repository\io\dropwizard\metrics\metrics-json\4.1.12.1\metrics-json-4.1.12.1.jar;C:\Users\배성훈\.m2\repository\io\dropwizard\metrics\metrics-graphite\4.1.12.1\metrics-graphite-4.1.12.1.jar;C:\Users\배성훈\.m2\repository\com\rabbitmq\amqp-client\5.9.0\amqp-client-5.9.0.jar;C:\Users\배성훈\.m2\repository\com\fasterxml\jackson\core\jackson-databind\2.11.2\jackson-databind-2.11.2.jar;C:\Users\배성훈\.m2\repository\com\fasterxml\jackson\module\jackson-module-scala_2.11\2.11.2\jackson-module-scala_2.11-2.11.2.jar;C:\Users\배성훈\.m2\repository\com\fasterxml\jackson\module\jackson-module-paranamer\2.11.2\jackson-module-paranamer-2.11.2.jar;C:\Users\배성훈\.m2\repository\org\apache\ivy\ivy\2.4.0\ivy-2.4.0.jar;C:\Users\배성훈\.m2\repository\oro\oro\2.0.8\oro-2.0.8.jar;C:\Users\배성훈\.m2\repository\net\razorvine\pyrolite\4.13\pyrolite-4.13.jar;C:\Users\배성훈\.m2\repository\net\sf\py4j\py4j\0.10.6\py4j-0.10.6.jar;C:\Users\배성훈\.m2\repository\org\apache\spark\spark-tags_2.11\2.3.0\spark-tags_2.11-2.3.0.jar;C:\Users\배성훈\.m2\repository\org\apache\commons\commons-crypto\1.0.0\commons-crypto-1.0.0.jar;C:\Users\배성훈\.m2\repository\org\spark-project\spark\unused\1.0.0\unused-1.0.0.jar;C:\Users\배성훈\.m2\repository\org\apache\spark\spark-streaming_2.11\2.3.0\spark-streaming_2.11-2.3.0.jar;C:\Users\배성훈\.m2\repository\org\apache\spark\spark-streaming-kafka-0-10_2.11\2.3.0\spark-streaming-kafka-0-10_2.11-2.3.0.jar;C:\Users\배성훈\.m2\repository\org\apache\kafka\kafka-clients\2.5.1\kafka-clients-2.5.1.jar;C:\Users\배성훈\.m2\repository\org\elasticsearch\elasticsearch-hadoop\7.9.2\elasticsearch-hadoop-7.9.2.jar;C:\Users\배성훈\.m2\repository\commons-logging\commons-logging\1.1.1\commons-logging-1.1.1.jar;C:\Users\배성훈\.m2\repository\commons-httpclient\commons-httpclient\3.0.1\commons-httpclient-3.0.1.jar;C:\Users\배성훈\.m2\repository\commons-codec\commons-codec\1.14\commons-codec-1.14.jar;C:\Users\배성훈\.m2\repository\javax\xml\bind\jaxb-api\2.3.1\jaxb-api-2.3.1.jar;C:\Users\배성훈\.m2\repository\org\apache\hive\hive-service\1.2.1\hive-service-1.2.1.jar;C:\Users\배성훈\.m2\repository\org\apache\hive\hive-exec\1.2.1\hive-exec-1.2.1.jar;C:\Users\배성훈\.m2\repository\org\apache\hive\hive-metastore\1.2.1\hive-metastore-1.2.1.jar;C:\Users\배성훈\.m2\repository\org\apache\pig\pig\0.15.0\pig-0.15.0-h2.jar;C:\Users\배성훈\.m2\repository\org\apache\spark\spark-yarn_2.11\2.3.0\spark-yarn_2.11-2.3.0.jar;C:\Users\배성훈\.m2\repository\org\apache\spark\spark-sql_2.11\2.3.0\spark-sql_2.11-2.3.0.jar;C:\Users\배성훈\.m2\repository\org\scala-lang\scala-reflect\2.11.12\scala-reflect-2.11.12.jar;C:\Users\배성훈\.m2\repository\org\apache\storm\storm-core\1.0.6\storm-core-1.0.6.jar;C:\Users\배성훈\.m2\repository\org\apache\hadoop\hadoop-common\2.7.6\hadoop-common-2.7.6.jar;C:\Users\배성훈\.m2\repository\org\apache\hadoop\hadoop-mapreduce-client-core\2.7.6\hadoop-mapreduce-client-core-2.7.6.jar;C:\Users\배성훈\.m2\repository\org\codehaus\jackson\jackson-mapper-asl\1.8.8\jackson-mapper-asl-1.8.8.jar;C:\Users\배성훈\.m2\repository\org\codehaus\jackson\jackson-core-asl\1.8.8\jackson-core-asl-1.8.8.jar;C:\Users\배성훈\.m2\repository\joda-time\joda-time\2.8\joda-time-2.8.jar;C:\Users\배성훈\.m2\repository\commons-collections\commons-collections\3.2.2\commons-collections-3.2.2.jar;"/>
    <property name="sun.cpu.endian" value="little"/>
    <property name="user.home" value="C:\Users\배성훈"/>
    <property name="user.language" value="ko"/>
    <property name="java.specification.vendor" value="Oracle Corporation"/>
    <property name="java.home" value="C:\Program Files\Java\jdk1.8.0_211\jre"/>
    <property name="basedir" value="E:\Capstone\jenkins-consumer"/>
    <property name="file.separator" value="\"/>
    <property name="line.separator" value="&#10;"/>
    <property name="java.vm.specification.vendor" value="Oracle Corporation"/>
    <property name="java.specification.name" value="Java Platform API Specification"/>
    <property name="java.awt.graphicsenv" value="sun.awt.Win32GraphicsEnvironment"/>
    <property name="surefire.real.class.path" value="C:\Users\배성훈\AppData\Local\Temp\surefire8000099158037606857\surefirebooter4754307648116194086.jar"/>
    <property name="sun.boot.class.path" value="C:\Program Files\Java\jdk1.8.0_211\jre\lib\resources.jar;C:\Program Files\Java\jdk1.8.0_211\jre\lib\rt.jar;C:\Program Files\Java\jdk1.8.0_211\jre\lib\sunrsasign.jar;C:\Program Files\Java\jdk1.8.0_211\jre\lib\jsse.jar;C:\Program Files\Java\jdk1.8.0_211\jre\lib\jce.jar;C:\Program Files\Java\jdk1.8.0_211\jre\lib\charsets.jar;C:\Program Files\Java\jdk1.8.0_211\jre\lib\jfr.jar;C:\Program Files\Java\jdk1.8.0_211\jre\classes"/>
    <property name="user.script" value=""/>
    <property name="sun.management.compiler" value="HotSpot 64-Bit Tiered Compilers"/>
    <property name="java.runtime.version" value="1.8.0_211-b12"/>
    <property name="user.name" value="배성훈"/>
    <property name="path.separator" value=";"/>
    <property name="os.version" value="10.0"/>
    <property name="java.endorsed.dirs" value="C:\Program Files\Java\jdk1.8.0_211\jre\lib\endorsed"/>
    <property name="java.runtime.name" value="Java(TM) SE Runtime Environment"/>
    <property name="file.encoding" value="MS949"/>
    <property name="java.vm.name" value="Java HotSpot(TM) 64-Bit Server VM"/>
    <property name="localRepository" value="C:\Users\배성훈\.m2\repository"/>
    <property name="java.vendor.url.bug" value="http://bugreport.sun.com/bugreport/"/>
    <property name="java.io.tmpdir" value="C:\Users\배성훈\AppData\Local\Temp\"/>
    <property name="idea.version" value="2020.2.1"/>
    <property name="java.version" value="1.8.0_211"/>
    <property name="user.dir" value="E:\Capstone\jenkins-consumer"/>
    <property name="os.arch" value="amd64"/>
    <property name="java.vm.specification.name" value="Java Virtual Machine Specification"/>
    <property name="java.awt.printerjob" value="sun.awt.windows.WPrinterJob"/>
    <property name="sun.os.patch.level" value=""/>
    <property name="java.library.path" value="C:\Program Files\Java\jdk1.8.0_211\jre\bin;C:\WINDOWS\Sun\Java\bin;C:\WINDOWS\system32;C:\WINDOWS;C:\WINDOWS\system32;C:\WINDOWS;C:\WINDOWS\System32\Wbem;C:\WINDOWS\System32\WindowsPowerShell\v1.0\;C:\WINDOWS\System32\OpenSSH\;C:\Program Files\nodejs\;C:\MinGW\bin;C:\Program Files\Git\cmd;C:\ProgramData\chocolatey\bin;C:\Program Files\Java\jdk1.8.0_211\bin;C:\Users\배성훈\AppData\Local\Programs\Python\Python38\Scripts\;C:\Users\배성훈\AppData\Local\Programs\Python\Python38\Scripts\;C:\Users\배성훈\AppData\Local\Programs\Python\Python38\;C:\Users\배성훈\AppData\Local\Microsoft\WindowsApps;C:\Users\????\AppData\Local\Programs\Microsoft VS Code\bin;C:\Users\????\AppData\Roaming\npm;C:\Users\????\AppData\Local\hyper\app-3.0.2\resources\bin;C:\Users\????\AppData\Local\hyper\app-3.0.2\resources\bin;C:\Users\????\AppData\Local\hyper\app-3.0.2\resources\bin;C:\Users\배성훈\AppData\Local\hyper\app-3.0.2\resources\bin;C:\Users\배성훈\AppData\Local\Programs\Microsoft VS Code\bin;C:\Program Files\JetBrains\IntelliJ IDEA 2020.2.1\bin;;;."/>
    <property name="java.vm.info" value="mixed mode"/>
    <property name="java.vendor" value="Oracle Corporation"/>
    <property name="java.vm.version" value="25.211-b12"/>
    <property name="java.ext.dirs" value="C:\Program Files\Java\jdk1.8.0_211\jre\lib\ext;C:\WINDOWS\Sun\Java\lib\ext"/>
    <property name="sun.io.unicode.encoding" value="UnicodeLittle"/>
    <property name="java.class.version" value="52.0"/>
  </properties>
  <testcase name="consumer.ConsumerApplicationTests" classname="consumer.ConsumerApplicationTests" time="0.782">
    <error message="Unable to find a @SpringBootConfiguration, you need to use @ContextConfiguration or @SpringBootTest(classes=...) with your test" type="java.lang.IllegalStateException">java.lang.IllegalStateException: Unable to find a @SpringBootConfiguration, you need to use @ContextConfiguration or @SpringBootTest(classes=...) with your test
</error>
    <system-out><![CDATA[16:35:08,406 |-INFO in ch.qos.logback.classic.LoggerContext[default] - Could NOT find resource [logback-test.xml]
16:35:08,406 |-INFO in ch.qos.logback.classic.LoggerContext[default] - Could NOT find resource [logback.groovy]
16:35:08,406 |-INFO in ch.qos.logback.classic.LoggerContext[default] - Found resource [logback.xml] at [file:/E:/Capstone/jenkins-consumer/target/classes/logback.xml]
16:35:08,562 |-INFO in ch.qos.logback.classic.joran.action.ConfigurationAction - Will scan for changes in [file:/E:/Capstone/jenkins-consumer/target/classes/logback.xml] 
16:35:08,562 |-INFO in ch.qos.logback.classic.joran.action.ConfigurationAction - Setting ReconfigureOnChangeTask scanning period to 30 seconds
16:35:08,578 |-INFO in ch.qos.logback.core.joran.action.AppenderAction - About to instantiate appender of type [ch.qos.logback.core.ConsoleAppender]
16:35:08,578 |-INFO in ch.qos.logback.core.joran.action.AppenderAction - Naming appender as [CONSOLE]
16:35:08,593 |-INFO in ch.qos.logback.core.joran.action.NestedComplexPropertyIA - Assuming default type [ch.qos.logback.classic.encoder.PatternLayoutEncoder] for [encoder] property
16:35:08,625 |-INFO in ch.qos.logback.core.joran.action.AppenderAction - About to instantiate appender of type [ch.qos.logback.core.rolling.RollingFileAppender]
16:35:08,640 |-INFO in ch.qos.logback.core.joran.action.AppenderAction - Naming appender as [FILE-CONSOLE]
16:35:08,640 |-INFO in ch.qos.logback.core.joran.action.NestedComplexPropertyIA - Assuming default type [ch.qos.logback.classic.encoder.PatternLayoutEncoder] for [encoder] property
16:35:08,656 |-INFO in c.q.l.core.rolling.TimeBasedRollingPolicy@1136768342 - Will use gz compression
16:35:08,656 |-INFO in c.q.l.core.rolling.TimeBasedRollingPolicy@1136768342 - Will use the pattern logs/console/console.%d{yyyy-MM-dd}.log.%i for the active file
16:35:08,671 |-INFO in ch.qos.logback.core.rolling.SizeAndTimeBasedFNATP@609cd4d8 - The date pattern is 'yyyy-MM-dd' from file name pattern 'logs/console/console.%d{yyyy-MM-dd}.log.%i.gz'.
16:35:08,671 |-INFO in ch.qos.logback.core.rolling.SizeAndTimeBasedFNATP@609cd4d8 - Roll-over at midnight.
16:35:08,671 |-INFO in ch.qos.logback.core.rolling.SizeAndTimeBasedFNATP@609cd4d8 - Setting initial period to Wed Oct 07 16:22:01 KST 2020
16:35:08,671 |-WARN in ch.qos.logback.core.rolling.SizeAndTimeBasedFNATP@609cd4d8 - SizeAndTimeBasedFNATP is deprecated. Use SizeAndTimeBasedRollingPolicy instead
16:35:08,671 |-WARN in ch.qos.logback.core.rolling.SizeAndTimeBasedFNATP@609cd4d8 - For more information see http://logback.qos.ch/manual/appenders.html#SizeAndTimeBasedRollingPolicy
16:35:08,671 |-INFO in ch.qos.logback.core.rolling.RollingFileAppender[FILE-CONSOLE] - Active log file name: logs/console/console.log
16:35:08,671 |-INFO in ch.qos.logback.core.rolling.RollingFileAppender[FILE-CONSOLE] - File property is set to [logs/console/console.log]
16:35:08,671 |-INFO in ch.qos.logback.core.joran.action.AppenderAction - About to instantiate appender of type [ch.qos.logback.core.rolling.RollingFileAppender]
16:35:08,671 |-INFO in ch.qos.logback.core.joran.action.AppenderAction - Naming appender as [FILE-TRACE]
16:35:08,687 |-INFO in ch.qos.logback.core.joran.action.NestedComplexPropertyIA - Assuming default type [ch.qos.logback.classic.encoder.PatternLayoutEncoder] for [encoder] property
16:35:08,687 |-INFO in c.q.l.core.rolling.TimeBasedRollingPolicy@1977310713 - Will use gz compression
16:35:08,687 |-INFO in c.q.l.core.rolling.TimeBasedRollingPolicy@1977310713 - Will use the pattern logs/trace/trace.%d{yyyy-MM-dd}.log.%i for the active file
16:35:08,687 |-INFO in ch.qos.logback.core.rolling.SizeAndTimeBasedFNATP@707194ba - The date pattern is 'yyyy-MM-dd' from file name pattern 'logs/trace/trace.%d{yyyy-MM-dd}.log.%i.gz'.
16:35:08,687 |-INFO in ch.qos.logback.core.rolling.SizeAndTimeBasedFNATP@707194ba - Roll-over at midnight.
16:35:08,687 |-INFO in ch.qos.logback.core.rolling.SizeAndTimeBasedFNATP@707194ba - Setting initial period to Wed Oct 07 16:21:23 KST 2020
16:35:08,687 |-WARN in ch.qos.logback.core.rolling.SizeAndTimeBasedFNATP@707194ba - SizeAndTimeBasedFNATP is deprecated. Use SizeAndTimeBasedRollingPolicy instead
16:35:08,687 |-WARN in ch.qos.logback.core.rolling.SizeAndTimeBasedFNATP@707194ba - For more information see http://logback.qos.ch/manual/appenders.html#SizeAndTimeBasedRollingPolicy
16:35:08,687 |-INFO in ch.qos.logback.core.rolling.RollingFileAppender[FILE-TRACE] - Active log file name: logs/trace/trace.log
16:35:08,687 |-INFO in ch.qos.logback.core.rolling.RollingFileAppender[FILE-TRACE] - File property is set to [logs/trace/trace.log]
16:35:08,687 |-INFO in ch.qos.logback.core.joran.action.AppenderAction - About to instantiate appender of type [ch.qos.logback.core.rolling.RollingFileAppender]
16:35:08,687 |-INFO in ch.qos.logback.core.joran.action.AppenderAction - Naming appender as [FILE-ERROR]
16:35:08,687 |-INFO in ch.qos.logback.core.joran.action.NestedComplexPropertyIA - Assuming default type [ch.qos.logback.classic.encoder.PatternLayoutEncoder] for [encoder] property
16:35:08,687 |-INFO in c.q.l.core.rolling.TimeBasedRollingPolicy@294658058 - Will use gz compression
16:35:08,687 |-INFO in c.q.l.core.rolling.TimeBasedRollingPolicy@294658058 - Will use the pattern logs/error/error.%d{yyyy-MM-dd}.log.%i for the active file
16:35:08,703 |-INFO in ch.qos.logback.core.rolling.SizeAndTimeBasedFNATP@6a2f6f80 - The date pattern is 'yyyy-MM-dd' from file name pattern 'logs/error/error.%d{yyyy-MM-dd}.log.%i.gz'.
16:35:08,703 |-INFO in ch.qos.logback.core.rolling.SizeAndTimeBasedFNATP@6a2f6f80 - Roll-over at midnight.
16:35:08,703 |-INFO in ch.qos.logback.core.rolling.SizeAndTimeBasedFNATP@6a2f6f80 - Setting initial period to Sun Oct 04 16:09:27 KST 2020
16:35:08,703 |-WARN in ch.qos.logback.core.rolling.SizeAndTimeBasedFNATP@6a2f6f80 - SizeAndTimeBasedFNATP is deprecated. Use SizeAndTimeBasedRollingPolicy instead
16:35:08,703 |-WARN in ch.qos.logback.core.rolling.SizeAndTimeBasedFNATP@6a2f6f80 - For more information see http://logback.qos.ch/manual/appenders.html#SizeAndTimeBasedRollingPolicy
16:35:08,703 |-INFO in ch.qos.logback.core.rolling.RollingFileAppender[FILE-ERROR] - Active log file name: logs/error/error.log
16:35:08,703 |-INFO in ch.qos.logback.core.rolling.RollingFileAppender[FILE-ERROR] - File property is set to [logs/error/error.log]
16:35:08,703 |-INFO in ch.qos.logback.core.joran.action.AppenderAction - About to instantiate appender of type [ch.qos.logback.core.rolling.RollingFileAppender]
16:35:08,703 |-INFO in ch.qos.logback.core.joran.action.AppenderAction - Naming appender as [FILE-BINARY]
16:35:08,703 |-INFO in ch.qos.logback.core.joran.action.NestedComplexPropertyIA - Assuming default type [ch.qos.logback.classic.encoder.PatternLayoutEncoder] for [encoder] property
16:35:08,703 |-INFO in c.q.l.core.rolling.TimeBasedRollingPolicy@1169474473 - Will use gz compression
16:35:08,703 |-INFO in c.q.l.core.rolling.TimeBasedRollingPolicy@1169474473 - Will use the pattern logs/binary/binary.%d{yyyy-MM-dd}.log.%i for the active file
16:35:08,718 |-INFO in ch.qos.logback.core.rolling.SizeAndTimeBasedFNATP@399c4be1 - The date pattern is 'yyyy-MM-dd' from file name pattern 'logs/binary/binary.%d{yyyy-MM-dd}.log.%i.gz'.
16:35:08,718 |-INFO in ch.qos.logback.core.rolling.SizeAndTimeBasedFNATP@399c4be1 - Roll-over at midnight.
16:35:08,718 |-INFO in ch.qos.logback.core.rolling.SizeAndTimeBasedFNATP@399c4be1 - Setting initial period to Sun Oct 04 16:09:27 KST 2020
16:35:08,718 |-WARN in ch.qos.logback.core.rolling.SizeAndTimeBasedFNATP@399c4be1 - SizeAndTimeBasedFNATP is deprecated. Use SizeAndTimeBasedRollingPolicy instead
16:35:08,718 |-WARN in ch.qos.logback.core.rolling.SizeAndTimeBasedFNATP@399c4be1 - For more information see http://logback.qos.ch/manual/appenders.html#SizeAndTimeBasedRollingPolicy
16:35:08,718 |-INFO in ch.qos.logback.core.rolling.RollingFileAppender[FILE-BINARY] - Active log file name: logs/binary/binary.log
16:35:08,718 |-INFO in ch.qos.logback.core.rolling.RollingFileAppender[FILE-BINARY] - File property is set to [logs/binary/binary.log]
16:35:08,718 |-INFO in ch.qos.logback.core.joran.action.AppenderAction - About to instantiate appender of type [ch.qos.logback.core.rolling.RollingFileAppender]
16:35:08,718 |-INFO in ch.qos.logback.core.joran.action.AppenderAction - Naming appender as [FILE-SYSTEM]
16:35:08,718 |-INFO in ch.qos.logback.core.joran.action.NestedComplexPropertyIA - Assuming default type [ch.qos.logback.classic.encoder.PatternLayoutEncoder] for [encoder] property
16:35:08,734 |-INFO in c.q.l.core.rolling.TimeBasedRollingPolicy@689745064 - Will use gz compression
16:35:08,734 |-INFO in c.q.l.core.rolling.TimeBasedRollingPolicy@689745064 - Will use the pattern logs/system/system.%d{yyyy-MM-dd}.log.%i for the active file
16:35:08,734 |-INFO in ch.qos.logback.core.rolling.SizeAndTimeBasedFNATP@385e9564 - The date pattern is 'yyyy-MM-dd' from file name pattern 'logs/system/system.%d{yyyy-MM-dd}.log.%i.gz'.
16:35:08,734 |-INFO in ch.qos.logback.core.rolling.SizeAndTimeBasedFNATP@385e9564 - Roll-over at midnight.
16:35:08,734 |-INFO in ch.qos.logback.core.rolling.SizeAndTimeBasedFNATP@385e9564 - Setting initial period to Sun Oct 04 16:09:27 KST 2020
16:35:08,734 |-WARN in ch.qos.logback.core.rolling.SizeAndTimeBasedFNATP@385e9564 - SizeAndTimeBasedFNATP is deprecated. Use SizeAndTimeBasedRollingPolicy instead
16:35:08,734 |-WARN in ch.qos.logback.core.rolling.SizeAndTimeBasedFNATP@385e9564 - For more information see http://logback.qos.ch/manual/appenders.html#SizeAndTimeBasedRollingPolicy
16:35:08,734 |-INFO in ch.qos.logback.core.rolling.RollingFileAppender[FILE-SYSTEM] - Active log file name: logs/system/system.log
16:35:08,734 |-INFO in ch.qos.logback.core.rolling.RollingFileAppender[FILE-SYSTEM] - File property is set to [logs/system/system.log]
16:35:08,734 |-INFO in ch.qos.logback.classic.joran.action.LoggerAction - Setting level of logger [trace] to INFO
16:35:08,734 |-INFO in ch.qos.logback.core.joran.action.AppenderRefAction - Attaching appender named [FILE-TRACE] to Logger[trace]
16:35:08,734 |-INFO in ch.qos.logback.core.joran.action.AppenderRefAction - Attaching appender named [CONSOLE] to Logger[trace]
16:35:08,734 |-INFO in ch.qos.logback.classic.joran.action.LoggerAction - Setting level of logger [error] to INFO
16:35:08,734 |-INFO in ch.qos.logback.core.joran.action.AppenderRefAction - Attaching appender named [FILE-ERROR] to Logger[error]
16:35:08,734 |-INFO in ch.qos.logback.classic.joran.action.LoggerAction - Setting level of logger [binary] to INFO
16:35:08,734 |-INFO in ch.qos.logback.core.joran.action.AppenderRefAction - Attaching appender named [FILE-BINARY] to Logger[binary]
16:35:08,734 |-INFO in ch.qos.logback.classic.joran.action.LoggerAction - Setting level of logger [system] to INFO
16:35:08,734 |-INFO in ch.qos.logback.core.joran.action.AppenderRefAction - Attaching appender named [FILE-SYSTEM] to Logger[system]
16:35:08,734 |-INFO in ch.qos.logback.classic.joran.action.RootLoggerAction - Setting level of ROOT logger to DEBUG
16:35:08,734 |-INFO in ch.qos.logback.core.joran.action.AppenderRefAction - Attaching appender named [FILE-CONSOLE] to Logger[ROOT]
16:35:08,734 |-INFO in ch.qos.logback.classic.joran.action.ConfigurationAction - End of configuration.
16:35:08,734 |-INFO in ch.qos.logback.classic.joran.JoranConfigurator@1e178745 - Registering current configuration as safe fallback point
]]></system-out>
    <system-err><![CDATA[SLF4J: Class path contains multiple SLF4J bindings.
SLF4J: Found binding in [jar:file:/C:/Users/%EB%B0%B0%EC%84%B1%ED%9B%88/.m2/repository/ch/qos/logback/logback-classic/1.2.3/logback-classic-1.2.3.jar!/org/slf4j/impl/StaticLoggerBinder.class]
SLF4J: Found binding in [jar:file:/C:/Users/%EB%B0%B0%EC%84%B1%ED%9B%88/.m2/repository/org/slf4j/slf4j-log4j12/1.7.30/slf4j-log4j12-1.7.30.jar!/org/slf4j/impl/StaticLoggerBinder.class]
SLF4J: See http://www.slf4j.org/codes.html#multiple_bindings for an explanation.
SLF4J: Actual binding is of type [ch.qos.logback.classic.util.ContextSelectorStaticBinder]
]]></system-err>
  </testcase>
</testsuite>